<?xml version="1.0" encoding="UTF-8"?>
<!-- Generated by org.testng.reporters.JUnitReportReporter -->
<testsuite skipped="0" hostname="DESKTOP-D78A4T4" name="webportal.OC_changes_Signoff.PRJCBUGEN_T48201.Testcase" tests="1" failures="0" timestamp="19 Jun 2025 05:54:30 GMT" time="2117.417" errors="0">
  <testcase name="test" time="2117.417" classname="webportal.OC_changes_Signoff.PRJCBUGEN_T48201.Testcase"/>
</testsuite> <!-- webportal.OC_changes_Signoff.PRJCBUGEN_T48201.Testcase -->
