<?xml version="1.0" encoding="UTF-8"?>
<!-- Generated by org.testng.reporters.JUnitReportReporter -->
<testsuite skipped="0" hostname="DESKTOP-D78A4T4" name="webportal.OC_changes_Signoff.PRJCBUGEN_T48166.Testcase" tests="1" failures="0" timestamp="19 Jun 2025 11:21:26 GMT" time="148.574" errors="0">
  <testcase name="test" time="148.574" classname="webportal.OC_changes_Signoff.PRJCBUGEN_T48166.Testcase"/>
</testsuite> <!-- webportal.OC_changes_Signoff.PRJCBUGEN_T48166.Testcase -->
