<?xml version="1.0" encoding="UTF-8"?>
<!-- Generated by org.testng.reporters.JUnitReportReporter -->
<testsuite skipped="0" hostname="DESKTOP-D78A4T4" name="webportal.OC_changes_Signoff.PRJCBUGEN_T48189.Testcase" tests="1" failures="0" timestamp="18 Jun 2025 12:38:53 GMT" time="305.294" errors="0">
  <testcase name="test" time="305.294" classname="webportal.OC_changes_Signoff.PRJCBUGEN_T48189.Testcase"/>
</testsuite> <!-- webportal.OC_changes_Signoff.PRJCBUGEN_T48189.Testcase -->
